<?xml version="1.0" encoding="UTF-8"?>
<!-- Generated by org.testng.reporters.JUnitXMLReporter -->
<testsuite ignored="0" hostname="Rahul" failures="0" tests="3" name="Default test" time="17.964" errors="0" timestamp="2024-12-27T08:31:34 IST">
  <testcase classname="Provalic.VerifyHomePage" name="VerifyLogin" time="5.391"/>
  <testcase classname="Provalic.VerifyHomePage" name="verifyWallet" time="1.477"/>
  <testcase classname="Provalic.VerifyHomePage" name="verifyUser" time="0.109"/>
</testsuite> <!-- Default test -->
