<?xml version="1.0" encoding="UTF-8"?>
<!-- Generated by org.testng.reporters.JUnitXMLReporter -->
<testsuite ignored="0" hostname="Rahul" failures="0" tests="3" name="Test" time="15.105" errors="0" timestamp="2024-12-27T08:36:26 IST">
  <testcase classname="Provalic.VerifyHomePage" name="VerifyLogin" time="5.65"/>
  <testcase classname="Provalic.VerifyHomePage" name="verifyWallet" time="1.577"/>
  <testcase classname="Provalic.VerifyHomePage" name="verifyUser" time="0.098"/>
</testsuite> <!-- Test -->
