<?xml version="1.0" encoding="UTF-8"?>
<testng-results ignored="0" total="3" passed="3" failed="0" skipped="0">
  <reporter-output>
  </reporter-output>
  <suite started-at="2024-12-27T08:36:11 IST" name="Suite" finished-at="2024-12-27T08:36:26 IST" duration-ms="15105">
    <groups>
    </groups>
    <test started-at="2024-12-27T08:36:11 IST" name="Test" finished-at="2024-12-27T08:36:26 IST" duration-ms="15105">
      <class name="Provalic.VerifyHomePage">
        <test-method is-config="true" signature="setUp()[pri:0, instance:Provalic.VerifyHomePage@5876a9af]" started-at="2024-12-27T08:36:11 IST" name="setUp" finished-at="2024-12-27T08:36:18 IST" duration-ms="6847" status="PASS">
          <reporter-output>
          </reporter-output>
        </test-method> <!-- setUp -->
        <test-method is-config="true" signature="createPomObject()[pri:0, instance:Provalic.VerifyHomePage@5876a9af]" started-at="2024-12-27T08:36:18 IST" name="createPomObject" finished-at="2024-12-27T08:36:18 IST" duration-ms="132" status="PASS">
          <reporter-output>
          </reporter-output>
        </test-method> <!-- createPomObject -->
        <test-method signature="VerifyLogin()[pri:1, instance:Provalic.VerifyHomePage@5876a9af]" started-at="2024-12-27T08:36:18 IST" name="VerifyLogin" finished-at="2024-12-27T08:36:24 IST" duration-ms="5650" status="PASS">
          <reporter-output>
          </reporter-output>
        </test-method> <!-- VerifyLogin -->
        <test-method is-config="true" signature="captureScreenshotinFailure(org.testng.ITestResult)[pri:0, instance:Provalic.VerifyHomePage@5876a9af]" started-at="2024-12-27T08:36:24 IST" name="captureScreenshotinFailure" finished-at="2024-12-27T08:36:24 IST" duration-ms="7" status="PASS">
          <params>
            <param index="0">
              <value>
                <![CDATA[[TestResult name=VerifyLogin status=SUCCESS method=VerifyHomePage.VerifyLogin()[pri:1, instance:Provalic.VerifyHomePage@5876a9af] output={null}]]]>
              </value>
            </param>
          </params>
          <reporter-output>
          </reporter-output>
        </test-method> <!-- captureScreenshotinFailure -->
        <test-method signature="verifyWallet()[pri:2, instance:Provalic.VerifyHomePage@5876a9af]" started-at="2024-12-27T08:36:24 IST" name="verifyWallet" finished-at="2024-12-27T08:36:26 IST" duration-ms="1577" status="PASS">
          <reporter-output>
          </reporter-output>
        </test-method> <!-- verifyWallet -->
        <test-method is-config="true" signature="captureScreenshotinFailure(org.testng.ITestResult)[pri:0, instance:Provalic.VerifyHomePage@5876a9af]" started-at="2024-12-27T08:36:26 IST" name="captureScreenshotinFailure" finished-at="2024-12-27T08:36:26 IST" duration-ms="0" status="PASS">
          <params>
            <param index="0">
              <value>
                <![CDATA[[TestResult name=verifyWallet status=SUCCESS method=VerifyHomePage.verifyWallet()[pri:2, instance:Provalic.VerifyHomePage@5876a9af] output={null}]]]>
              </value>
            </param>
          </params>
          <reporter-output>
          </reporter-output>
        </test-method> <!-- captureScreenshotinFailure -->
        <test-method signature="verifyUser()[pri:3, instance:Provalic.VerifyHomePage@5876a9af]" started-at="2024-12-27T08:36:26 IST" name="verifyUser" finished-at="2024-12-27T08:36:26 IST" duration-ms="98" status="PASS">
          <reporter-output>
          </reporter-output>
        </test-method> <!-- verifyUser -->
        <test-method is-config="true" signature="captureScreenshotinFailure(org.testng.ITestResult)[pri:0, instance:Provalic.VerifyHomePage@5876a9af]" started-at="2024-12-27T08:36:26 IST" name="captureScreenshotinFailure" finished-at="2024-12-27T08:36:26 IST" duration-ms="0" status="PASS">
          <params>
            <param index="0">
              <value>
                <![CDATA[[TestResult name=verifyUser status=SUCCESS method=VerifyHomePage.verifyUser()[pri:3, instance:Provalic.VerifyHomePage@5876a9af] output={null}]]]>
              </value>
            </param>
          </params>
          <reporter-output>
          </reporter-output>
        </test-method> <!-- captureScreenshotinFailure -->
        <test-method is-config="true" signature="objectClear()[pri:0, instance:Provalic.VerifyHomePage@5876a9af]" started-at="2024-12-27T08:36:26 IST" name="objectClear" finished-at="2024-12-27T08:36:26 IST" duration-ms="1" status="PASS">
          <reporter-output>
          </reporter-output>
        </test-method> <!-- objectClear -->
        <test-method is-config="true" signature="closeBrowser()[pri:0, instance:Provalic.VerifyHomePage@5876a9af]" started-at="2024-12-27T08:36:26 IST" name="closeBrowser" finished-at="2024-12-27T08:36:26 IST" duration-ms="613" status="PASS">
          <reporter-output>
          </reporter-output>
        </test-method> <!-- closeBrowser -->
      </class> <!-- Provalic.VerifyHomePage -->
    </test> <!-- Test -->
  </suite> <!-- Suite -->
</testng-results>
